<?xml version="1.0" encoding="UTF-8"?>
<!-- Generated by org.testng.reporters.JUnitReportReporter -->
<testsuite hostname="Poles-MacBook-Pro.local" failures="0" tests="2" name="TestRunner.TestCucumberTestRunner" time="8.811" errors="0" timestamp="2024-11-09T18:00:25 IST" skipped="0">
  <testcase classname="TestRunner.TestCucumberTestRunner" name="runScenario" time="2.739"/>
  <testcase classname="TestRunner.TestCucumberTestRunner" name="runScenario" time="6.072"/>
</testsuite> <!-- TestRunner.TestCucumberTestRunner -->
