<?xml version="1.0" encoding="UTF-8"?>
<!-- Generated by org.testng.reporters.JUnitReportReporter -->
<testsuite hostname="Poles-MacBook-Pro.local" failures="0" tests="2" name="TestRunner.CucumberTestRunner" time="8.862" errors="0" timestamp="2024-11-09T17:48:30 IST" skipped="0">
  <testcase classname="TestRunner.CucumberTestRunner" name="runScenario" time="5.611"/>
  <testcase classname="TestRunner.CucumberTestRunner" name="runScenario" time="3.251"/>
</testsuite> <!-- TestRunner.CucumberTestRunner -->
