<?xml version="1.0" encoding="UTF-8"?>
<!-- Generated by org.testng.reporters.JUnitReportReporter -->
<testsuite hostname="Poles-MacBook-Pro.local" failures="0" tests="2" name="TestRunner.CucumberTestRunner" time="8.307" errors="0" timestamp="2024-11-09T19:17:12 IST" skipped="0">
  <testcase classname="TestRunner.CucumberTestRunner" name="runScenario" time="5.645"/>
  <testcase classname="TestRunner.CucumberTestRunner" name="runScenario" time="2.662"/>
</testsuite> <!-- TestRunner.CucumberTestRunner -->
